<?xml version="1.0" encoding="UTF-8"?>
<!-- Generated by org.testng.reporters.JUnitReportReporter -->
<testsuite hostname="LAPTOP-ISJ6KQ9V" failures="0" tests="1" name="runner.TestRunner" time="2.909" errors="0" timestamp="2025-02-10T11:02:33 CST" skipped="0">
  <testcase classname="runner.TestRunner" name="runScenario" time="2.909"/>
</testsuite> <!-- runner.TestRunner -->
